e:\coding projects\sfml\sfmlsetup\sfmlsetup\sfmlsetup\debug\vc143.pdb
e:\coding projects\sfml\sfmlsetup\sfmlsetup\sfmlsetup\debug\vc143.idb
e:\coding projects\sfml\sfmlsetup\sfmlsetup\sfmlsetup\debug\main.obj
e:\coding projects\sfml\sfmlsetup\sfmlsetup\debug\sfmlsetup.exe
e:\coding projects\sfml\sfmlsetup\sfmlsetup\debug\sfmlsetup.pdb
e:\coding projects\sfml\sfmlsetup\sfmlsetup\sfmlsetup\debug\sfmlsetup.ilk
e:\coding projects\sfml\sfml_circle_generator\sfmlsetup\sfmlsetup\debug\main.obj
e:\coding projects\sfml\sfml_circle_generator\sfmlsetup\sfmlsetup\debug\sfmlsetup.ilk
e:\coding projects\sfml\sfml_circle_generator\sfmlsetup\sfmlsetup\debug\vc143.idb
e:\coding projects\sfml\sfml_circle_generator\sfmlsetup\sfmlsetup\debug\vc143.pdb
e:\coding projects\sfml\sfml_circle_generator\sfmlsetup\debug\sfmlsetup.pdb
e:\coding projects\sfml\sfml_circle_generator\sfmlsetup\debug\sfmlsetup.exe
e:\coding projects\sfml\sfml_circle_generator\sfmlsetup\sfmlsetup\debug\sfmlsetup.tlog\cl.command.1.tlog
e:\coding projects\sfml\sfml_circle_generator\sfmlsetup\sfmlsetup\debug\sfmlsetup.tlog\cl.items.tlog
e:\coding projects\sfml\sfml_circle_generator\sfmlsetup\sfmlsetup\debug\sfmlsetup.tlog\cl.read.1.tlog
e:\coding projects\sfml\sfml_circle_generator\sfmlsetup\sfmlsetup\debug\sfmlsetup.tlog\cl.write.1.tlog
e:\coding projects\sfml\sfml_circle_generator\sfmlsetup\sfmlsetup\debug\sfmlsetup.tlog\link.command.1.tlog
e:\coding projects\sfml\sfml_circle_generator\sfmlsetup\sfmlsetup\debug\sfmlsetup.tlog\link.read.1.tlog
e:\coding projects\sfml\sfml_circle_generator\sfmlsetup\sfmlsetup\debug\sfmlsetup.tlog\link.secondary.1.tlog
e:\coding projects\sfml\sfml_circle_generator\sfmlsetup\sfmlsetup\debug\sfmlsetup.tlog\link.write.1.tlog
